Determining if the pthread_create exist failed with the following output:
Change Dir: /home/chap/work/OpenDaVINCI/automotive/miniature/proxy/build/CMakeFiles/CMakeTmp

Run Build Command:/usr/bin/make "cmTryCompileExec671391225/fast"
/usr/bin/make -f CMakeFiles/cmTryCompileExec671391225.dir/build.make CMakeFiles/cmTryCompileExec671391225.dir/build
make[1]: Entering directory `/home/chap/work/OpenDaVINCI/automotive/miniature/proxy/build/CMakeFiles/CMakeTmp'
/usr/bin/cmake -E cmake_progress_report /home/chap/work/OpenDaVINCI/automotive/miniature/proxy/build/CMakeFiles/CMakeTmp/CMakeFiles 1
Building C object CMakeFiles/cmTryCompileExec671391225.dir/CheckSymbolExists.c.o
/usr/bin/cc   -fPIC    -o CMakeFiles/cmTryCompileExec671391225.dir/CheckSymbolExists.c.o   -c /home/chap/work/OpenDaVINCI/automotive/miniature/proxy/build/CMakeFiles/CMakeTmp/CheckSymbolExists.c
Linking C executable cmTryCompileExec671391225
/usr/bin/cmake -E cmake_link_script CMakeFiles/cmTryCompileExec671391225.dir/link.txt --verbose=1
/usr/bin/cc   -fPIC     CMakeFiles/cmTryCompileExec671391225.dir/CheckSymbolExists.c.o  -o cmTryCompileExec671391225 -rdynamic 
CMakeFiles/cmTryCompileExec671391225.dir/CheckSymbolExists.c.o: In function `main':
CheckSymbolExists.c:(.text+0x1b): undefined reference to `pthread_create'
collect2: error: ld returned 1 exit status
make[1]: *** [cmTryCompileExec671391225] Error 1
make[1]: Leaving directory `/home/chap/work/OpenDaVINCI/automotive/miniature/proxy/build/CMakeFiles/CMakeTmp'
make: *** [cmTryCompileExec671391225/fast] Error 2

File /home/chap/work/OpenDaVINCI/automotive/miniature/proxy/build/CMakeFiles/CMakeTmp/CheckSymbolExists.c:
/* */
#include <pthread.h>

int main(int argc, char** argv)
{
  (void)argv;
#ifndef pthread_create
  return ((int*)(&pthread_create))[argc];
#else
  (void)argc;
  return 0;
#endif
}

Determining if the function pthread_create exists in the pthreads failed with the following output:
Change Dir: /home/chap/work/OpenDaVINCI/automotive/miniature/proxy/build/CMakeFiles/CMakeTmp

Run Build Command:/usr/bin/make "cmTryCompileExec2270133559/fast"
/usr/bin/make -f CMakeFiles/cmTryCompileExec2270133559.dir/build.make CMakeFiles/cmTryCompileExec2270133559.dir/build
make[1]: Entering directory `/home/chap/work/OpenDaVINCI/automotive/miniature/proxy/build/CMakeFiles/CMakeTmp'
/usr/bin/cmake -E cmake_progress_report /home/chap/work/OpenDaVINCI/automotive/miniature/proxy/build/CMakeFiles/CMakeTmp/CMakeFiles 1
Building C object CMakeFiles/cmTryCompileExec2270133559.dir/CheckFunctionExists.c.o
/usr/bin/cc   -fPIC -DCHECK_FUNCTION_EXISTS=pthread_create   -o CMakeFiles/cmTryCompileExec2270133559.dir/CheckFunctionExists.c.o   -c /usr/share/cmake-2.8/Modules/CheckFunctionExists.c
Linking C executable cmTryCompileExec2270133559
/usr/bin/cmake -E cmake_link_script CMakeFiles/cmTryCompileExec2270133559.dir/link.txt --verbose=1
/usr/bin/cc   -fPIC -DCHECK_FUNCTION_EXISTS=pthread_create    CMakeFiles/cmTryCompileExec2270133559.dir/CheckFunctionExists.c.o  -o cmTryCompileExec2270133559 -rdynamic -lpthreads 
/usr/bin/ld: cannot find -lpthreads
collect2: error: ld returned 1 exit status
make[1]: *** [cmTryCompileExec2270133559] Error 1
make[1]: Leaving directory `/home/chap/work/OpenDaVINCI/automotive/miniature/proxy/build/CMakeFiles/CMakeTmp'
make: *** [cmTryCompileExec2270133559/fast] Error 2


